<?xml version="1.0" encoding="UTF-8"?>
<!-- Generated by org.testng.reporters.JUnitReportReporter -->
<testsuite hostname="DESKTOP-875B5PA" failures="0" tests="1" name="testCases.TC002_Verify_Querry_popup" time="1.722" errors="0" timestamp="2025-04-05T17:13:47 IST" skipped="0">
  <testcase classname="testCases.TC002_Verify_Querry_popup" name="verifyQuerryPopUp" time="1.722"/>
</testsuite> <!-- testCases.TC002_Verify_Querry_popup -->
