<?xml version="1.0" encoding="UTF-8"?>
<!-- Generated by org.testng.reporters.JUnitReportReporter -->
<testsuite hostname="DESKTOP-875B5PA" failures="0" tests="1" name="testCases.TC001_Close_QuerryPopUp_and_land_to_the_Homepage" time="0.256" errors="0" timestamp="2025-03-28T18:47:44 IST" skipped="0">
  <testcase classname="testCases.TC001_Close_QuerryPopUp_and_land_to_the_Homepage" name="closeQuerryPopup" time="0.256"/>
</testsuite> <!-- testCases.TC001_Close_QuerryPopUp_and_land_to_the_Homepage -->
