<?xml version="1.0" encoding="UTF-8"?>
<!-- Generated by org.testng.reporters.JUnitReportReporter -->
<testsuite hostname="DESKTOP-875B5PA" failures="0" tests="1" name="testCases.TC002_Verify_Querry_popup" time="2.459" errors="0" timestamp="2025-03-29T17:03:07 IST" skipped="0">
  <testcase classname="testCases.TC002_Verify_Querry_popup" name="verifyQuerryPopUp" time="2.459"/>
</testsuite> <!-- testCases.TC002_Verify_Querry_popup -->
