<?xml version="1.0" encoding="UTF-8"?>
<!-- Generated by org.testng.reporters.JUnitReportReporter -->
<testsuite hostname="DESKTOP-875B5PA" failures="0" tests="1" name="testCases.TC003_verify_MotorInsurance" time="8.154" errors="0" timestamp="2025-04-05T17:29:28 IST" skipped="0">
  <testcase classname="testCases.TC003_verify_MotorInsurance" name="verify_motorInsurance_Functionality" time="8.154"/>
</testsuite> <!-- testCases.TC003_verify_MotorInsurance -->
