<?xml version="1.0" encoding="UTF-8"?>
<!-- Generated by org.testng.reporters.JUnitReportReporter -->
<testsuite hostname="DESKTOP-875B5PA" failures="0" tests="1" name="test.TermInsurance" time="30.860" errors="0" timestamp="2025-04-02T14:30:00 IST" skipped="0">
  <testcase classname="test.TermInsurance" name="termInsurance" time="30.860"/>
</testsuite> <!-- test.TermInsurance -->
