<?xml version="1.0" encoding="UTF-8"?>
<!-- Generated by org.testng.reporters.JUnitReportReporter -->
<testsuite hostname="DESKTOP-875B5PA" failures="0" tests="1" name="testCases.TC004_verify_BrandNewCar" time="12.449" errors="0" timestamp="2025-04-03T17:23:44 IST" skipped="0">
  <testcase classname="testCases.TC004_verify_BrandNewCar" name="verifyBrandNewCar" time="12.449"/>
</testsuite> <!-- testCases.TC004_verify_BrandNewCar -->
