<?xml version="1.0" encoding="UTF-8"?>
<!-- Generated by org.testng.reporters.JUnitReportReporter -->
<testsuite hostname="DESKTOP-875B5PA" failures="0" tests="1" name="practiceTime.Prac001" time="3.931" errors="0" timestamp="2025-03-27T16:56:55 IST" skipped="0">
  <testcase classname="practiceTime.Prac001" name="testing" time="3.931"/>
</testsuite> <!-- practiceTime.Prac001 -->
